========= 2021-12-27 00:58:22 =====================
Headers are ["Authorization: Token 7579da1c004337f483e2d2de5bb4951f0ff62130","Accept: application\/json; indent=4"]
0========= 2021-12-27 00:58:23 =====================
Headers are ["Authorization: Token 7579da1c004337f483e2d2de5bb4951f0ff62130","Accept: application\/json; indent=4"]
0========= 2021-12-27 00:58:23 =====================
Headers are ["Authorization: Token 7579da1c004337f483e2d2de5bb4951f0ff62130","Accept: application\/json; indent=4"]
0========= 2021-12-27 00:58:23 =====================
Headers are ["Authorization: Token 7579da1c004337f483e2d2de5bb4951f0ff62130","Accept: application\/json; indent=4"]
0========= 2021-12-27 00:58:23 =====================
Headers are ["Authorization: Token 7579da1c004337f483e2d2de5bb4951f0ff62130","Accept: application\/json; indent=4"]
0========= 2021-12-27 00:58:23 =====================
Headers are ["Authorization: Token 7579da1c004337f483e2d2de5bb4951f0ff62130","Accept: application\/json; indent=4"]
0========= 2021-12-27 00:58:23 =====================
Headers are ["Authorization: Token 7579da1c004337f483e2d2de5bb4951f0ff62130","Accept: application\/json; indent=4"]
0========= 2021-12-27 00:58:23 =====================
Headers are ["Authorization: Token 7579da1c004337f483e2d2de5bb4951f0ff62130","Accept: application\/json; indent=4"]
0========= 2021-12-27 00:58:23 =====================
Headers are ["Authorization: Token 7579da1c004337f483e2d2de5bb4951f0ff62130","Accept: application\/json; indent=4"]
0========= 2021-12-27 00:58:55 =====================
Headers are ["Authorization: Token 7579da1c004337f483e2d2de5bb4951f0ff62130","Accept: application\/json; indent=4"]
0========= 2021-12-27 00:58:55 =====================
Headers are ["Authorization: Token 7579da1c004337f483e2d2de5bb4951f0ff62130","Accept: application\/json; indent=4"]
0========= 2021-12-27 00:58:55 =====================
Headers are ["Authorization: Token 7579da1c004337f483e2d2de5bb4951f0ff62130","Accept: application\/json; indent=4"]
0========= 2021-12-27 00:58:55 =====================
Headers are ["Authorization: Token 7579da1c004337f483e2d2de5bb4951f0ff62130","Accept: application\/json; indent=4"]
0========= 2021-12-27 00:58:55 =====================
Headers are ["Authorization: Token 7579da1c004337f483e2d2de5bb4951f0ff62130","Accept: application\/json; indent=4"]
0========= 2021-12-27 00:58:55 =====================
Headers are ["Authorization: Token 7579da1c004337f483e2d2de5bb4951f0ff62130","Accept: application\/json; indent=4"]
0========= 2021-12-27 00:58:55 =====================
Headers are ["Authorization: Token 7579da1c004337f483e2d2de5bb4951f0ff62130","Accept: application\/json; indent=4"]
0========= 2021-12-27 00:58:55 =====================
Headers are ["Authorization: Token 7579da1c004337f483e2d2de5bb4951f0ff62130","Accept: application\/json; indent=4"]
0========= 2021-12-27 00:58:55 =====================
Headers are ["Authorization: Token 7579da1c004337f483e2d2de5bb4951f0ff62130","Accept: application\/json; indent=4"]
0========= 2021-12-27 00:59:48 =====================
Headers are ["Authorization: Token 7579da1c004337f483e2d2de5bb4951f0ff62130"]
0========= 2021-12-27 00:59:48 =====================
Token is 7579da1c004337f483e2d2de5bb4951f0ff62130
0========= 2021-12-27 01:02:27 =====================
Headers are ["Authorization: Token 7579da1c004337f483e2d2de5bb4951f0ff62130","Accept: application\/json; indent=4"]
0========= 2021-12-27 01:02:27 =====================
Headers are ["Authorization: Token 7579da1c004337f483e2d2de5bb4951f0ff62130","Accept: application\/json; indent=4"]
0========= 2021-12-27 01:02:27 =====================
Headers are ["Authorization: Token 7579da1c004337f483e2d2de5bb4951f0ff62130","Accept: application\/json; indent=4"]
0========= 2021-12-27 01:02:27 =====================
Headers are ["Authorization: Token 7579da1c004337f483e2d2de5bb4951f0ff62130","Accept: application\/json; indent=4"]
0========= 2021-12-27 01:02:27 =====================
Headers are ["Authorization: Token 7579da1c004337f483e2d2de5bb4951f0ff62130","Accept: application\/json; indent=4"]
0========= 2021-12-27 01:02:27 =====================
Headers are ["Authorization: Token 7579da1c004337f483e2d2de5bb4951f0ff62130","Accept: application\/json; indent=4"]
0========= 2021-12-27 01:02:27 =====================
Headers are ["Authorization: Token 7579da1c004337f483e2d2de5bb4951f0ff62130","Accept: application\/json; indent=4"]
0========= 2021-12-27 01:02:27 =====================
Headers are ["Authorization: Token 7579da1c004337f483e2d2de5bb4951f0ff62130","Accept: application\/json; indent=4"]
0========= 2021-12-27 01:02:27 =====================
Headers are ["Authorization: Token 7579da1c004337f483e2d2de5bb4951f0ff62130","Accept: application\/json; indent=4"]
0========= 2021-12-27 01:02:54 =====================
Headers are ["Authorization: Token 7579da1c004337f483e2d2de5bb4951f0ff62130"]
0========= 2021-12-27 01:02:54 =====================
Token is 7579da1c004337f483e2d2de5bb4951f0ff62130
0========= 2021-12-27 01:04:12 =====================
Headers are ["Authorization: Token 7579da1c004337f483e2d2de5bb4951f0ff62130","Accept: application\/json; indent=4"]
0========= 2021-12-27 01:04:12 =====================
Headers are ["Authorization: Token 7579da1c004337f483e2d2de5bb4951f0ff62130","Accept: application\/json; indent=4"]
0========= 2021-12-27 01:04:12 =====================
Headers are ["Authorization: Token 7579da1c004337f483e2d2de5bb4951f0ff62130","Accept: application\/json; indent=4"]
0========= 2021-12-27 01:04:12 =====================
Headers are ["Authorization: Token 7579da1c004337f483e2d2de5bb4951f0ff62130","Accept: application\/json; indent=4"]
0========= 2021-12-27 01:04:12 =====================
Headers are ["Authorization: Token 7579da1c004337f483e2d2de5bb4951f0ff62130","Accept: application\/json; indent=4"]
0========= 2021-12-27 01:04:12 =====================
Headers are ["Authorization: Token 7579da1c004337f483e2d2de5bb4951f0ff62130","Accept: application\/json; indent=4"]
0========= 2021-12-27 01:04:12 =====================
Headers are ["Authorization: Token 7579da1c004337f483e2d2de5bb4951f0ff62130","Accept: application\/json; indent=4"]
0========= 2021-12-27 01:04:12 =====================
Headers are ["Authorization: Token 7579da1c004337f483e2d2de5bb4951f0ff62130","Accept: application\/json; indent=4"]
0========= 2021-12-27 01:04:12 =====================
Headers are ["Authorization: Token 7579da1c004337f483e2d2de5bb4951f0ff62130","Accept: application\/json; indent=4"]
0========= 2021-12-27 01:10:34 =====================
Headers are ["Authorization: Token 7579da1c004337f483e2d2de5bb4951f0ff62130","Accept: application\/json; indent=4"]
0========= 2021-12-27 01:10:35 =====================
Headers are ["Authorization: Token 7579da1c004337f483e2d2de5bb4951f0ff62130","Accept: application\/json; indent=4"]
0========= 2021-12-27 01:10:35 =====================
Headers are ["Authorization: Token 7579da1c004337f483e2d2de5bb4951f0ff62130","Accept: application\/json; indent=4"]
0========= 2021-12-27 01:10:35 =====================
Headers are ["Authorization: Token 7579da1c004337f483e2d2de5bb4951f0ff62130","Accept: application\/json; indent=4"]
0========= 2021-12-27 01:10:36 =====================
Headers are ["Authorization: Token 7579da1c004337f483e2d2de5bb4951f0ff62130","Accept: application\/json; indent=4"]
0========= 2021-12-27 01:10:36 =====================
Headers are ["Authorization: Token 7579da1c004337f483e2d2de5bb4951f0ff62130","Accept: application\/json; indent=4"]
0========= 2021-12-27 01:10:36 =====================
Headers are ["Authorization: Token 7579da1c004337f483e2d2de5bb4951f0ff62130","Accept: application\/json; indent=4"]
0========= 2021-12-27 01:10:36 =====================
Headers are ["Authorization: Token 7579da1c004337f483e2d2de5bb4951f0ff62130","Accept: application\/json; indent=4"]
0========= 2021-12-27 01:10:36 =====================
Headers are ["Authorization: Token 7579da1c004337f483e2d2de5bb4951f0ff62130","Accept: application\/json; indent=4"]
0========= 2021-12-27 01:10:36 =====================
Headers are ["Authorization: Token 7579da1c004337f483e2d2de5bb4951f0ff62130","Accept: application\/json; indent=4"]
0========= 2021-12-27 01:10:36 =====================
Headers are ["Authorization: Token 7579da1c004337f483e2d2de5bb4951f0ff62130","Accept: application\/json; indent=4"]
0========= 2021-12-27 01:10:36 =====================
Headers are ["Authorization: Token 7579da1c004337f483e2d2de5bb4951f0ff62130","Accept: application\/json; indent=4"]
0========= 2021-12-27 01:10:36 =====================
Headers are ["Authorization: Token 7579da1c004337f483e2d2de5bb4951f0ff62130","Accept: application\/json; indent=4"]
0========= 2021-12-27 01:10:36 =====================
Headers are ["Authorization: Token 7579da1c004337f483e2d2de5bb4951f0ff62130","Accept: application\/json; indent=4"]
0========= 2021-12-27 01:10:36 =====================
Headers are ["Authorization: Token 7579da1c004337f483e2d2de5bb4951f0ff62130","Accept: application\/json; indent=4"]
0========= 2021-12-27 01:10:36 =====================
Headers are ["Authorization: Token 7579da1c004337f483e2d2de5bb4951f0ff62130","Accept: application\/json; indent=4"]
0========= 2021-12-27 01:10:37 =====================
Headers are ["Authorization: Token 7579da1c004337f483e2d2de5bb4951f0ff62130","Accept: application\/json; indent=4"]
0========= 2021-12-27 01:10:37 =====================
Headers are ["Authorization: Token 7579da1c004337f483e2d2de5bb4951f0ff62130","Accept: application\/json; indent=4"]
0========= 2021-12-27 01:11:01 =====================
Headers are ["Authorization: Token 7579da1c004337f483e2d2de5bb4951f0ff62130","Accept: application\/json; indent=4"]
0========= 2021-12-27 01:11:02 =====================
Headers are ["Authorization: Token 7579da1c004337f483e2d2de5bb4951f0ff62130","Accept: application\/json; indent=4"]
0========= 2021-12-27 01:11:02 =====================
Headers are ["Authorization: Token 7579da1c004337f483e2d2de5bb4951f0ff62130","Accept: application\/json; indent=4"]
0========= 2021-12-27 01:11:03 =====================
Headers are ["Authorization: Token 7579da1c004337f483e2d2de5bb4951f0ff62130","Accept: application\/json; indent=4"]
0========= 2021-12-27 01:11:03 =====================
Headers are ["Authorization: Token 7579da1c004337f483e2d2de5bb4951f0ff62130","Accept: application\/json; indent=4"]
0========= 2021-12-27 01:11:03 =====================
Headers are ["Authorization: Token 7579da1c004337f483e2d2de5bb4951f0ff62130","Accept: application\/json; indent=4"]
0========= 2021-12-27 01:11:03 =====================
Headers are ["Authorization: Token 7579da1c004337f483e2d2de5bb4951f0ff62130","Accept: application\/json; indent=4"]
0========= 2021-12-27 01:11:03 =====================
Headers are ["Authorization: Token 7579da1c004337f483e2d2de5bb4951f0ff62130","Accept: application\/json; indent=4"]
0========= 2021-12-27 01:11:03 =====================
Headers are ["Authorization: Token 7579da1c004337f483e2d2de5bb4951f0ff62130","Accept: application\/json; indent=4"]
0========= 2021-12-27 01:11:03 =====================
Headers are ["Authorization: Token 7579da1c004337f483e2d2de5bb4951f0ff62130","Accept: application\/json; indent=4"]
0========= 2021-12-27 01:11:03 =====================
Headers are ["Authorization: Token 7579da1c004337f483e2d2de5bb4951f0ff62130","Accept: application\/json; indent=4"]
0========= 2021-12-27 01:11:04 =====================
Headers are ["Authorization: Token 7579da1c004337f483e2d2de5bb4951f0ff62130","Accept: application\/json; indent=4"]
0========= 2021-12-27 01:11:04 =====================
Headers are ["Authorization: Token 7579da1c004337f483e2d2de5bb4951f0ff62130","Accept: application\/json; indent=4"]
0========= 2021-12-27 01:11:04 =====================
Headers are ["Authorization: Token 7579da1c004337f483e2d2de5bb4951f0ff62130","Accept: application\/json; indent=4"]
0========= 2021-12-27 01:11:04 =====================
Headers are ["Authorization: Token 7579da1c004337f483e2d2de5bb4951f0ff62130","Accept: application\/json; indent=4"]
0========= 2021-12-27 01:11:04 =====================
Headers are ["Authorization: Token 7579da1c004337f483e2d2de5bb4951f0ff62130","Accept: application\/json; indent=4"]
0========= 2021-12-27 01:11:04 =====================
Headers are ["Authorization: Token 7579da1c004337f483e2d2de5bb4951f0ff62130","Accept: application\/json; indent=4"]
0========= 2021-12-27 01:11:04 =====================
Headers are ["Authorization: Token 7579da1c004337f483e2d2de5bb4951f0ff62130","Accept: application\/json; indent=4"]
0========= 2021-12-27 01:11:26 =====================
Headers are ["Authorization: Token 7579da1c004337f483e2d2de5bb4951f0ff62130","Accept: application\/json; indent=4"]
0========= 2021-12-27 01:11:26 =====================
Headers are ["Authorization: Token 7579da1c004337f483e2d2de5bb4951f0ff62130","Accept: application\/json; indent=4"]
0========= 2021-12-27 01:11:26 =====================
Headers are ["Authorization: Token 7579da1c004337f483e2d2de5bb4951f0ff62130","Accept: application\/json; indent=4"]
0========= 2021-12-27 01:11:26 =====================
Headers are ["Authorization: Token 7579da1c004337f483e2d2de5bb4951f0ff62130","Accept: application\/json; indent=4"]
0========= 2021-12-27 01:11:26 =====================
Headers are ["Authorization: Token 7579da1c004337f483e2d2de5bb4951f0ff62130","Accept: application\/json; indent=4"]
0========= 2021-12-27 01:11:26 =====================
Headers are ["Authorization: Token 7579da1c004337f483e2d2de5bb4951f0ff62130","Accept: application\/json; indent=4"]
0========= 2021-12-27 01:11:26 =====================
Headers are ["Authorization: Token 7579da1c004337f483e2d2de5bb4951f0ff62130","Accept: application\/json; indent=4"]
0========= 2021-12-27 01:11:26 =====================
Headers are ["Authorization: Token 7579da1c004337f483e2d2de5bb4951f0ff62130","Accept: application\/json; indent=4"]
0========= 2021-12-27 01:11:26 =====================
Headers are ["Authorization: Token 7579da1c004337f483e2d2de5bb4951f0ff62130","Accept: application\/json; indent=4"]
0========= 2021-12-27 01:11:26 =====================
Headers are ["Authorization: Token 7579da1c004337f483e2d2de5bb4951f0ff62130","Accept: application\/json; indent=4"]
0========= 2021-12-27 01:11:27 =====================
Headers are ["Authorization: Token 7579da1c004337f483e2d2de5bb4951f0ff62130","Accept: application\/json; indent=4"]
0========= 2021-12-27 01:11:27 =====================
Headers are ["Authorization: Token 7579da1c004337f483e2d2de5bb4951f0ff62130","Accept: application\/json; indent=4"]
0========= 2021-12-27 01:11:27 =====================
Headers are ["Authorization: Token 7579da1c004337f483e2d2de5bb4951f0ff62130","Accept: application\/json; indent=4"]
0========= 2021-12-27 01:11:27 =====================
Headers are ["Authorization: Token 7579da1c004337f483e2d2de5bb4951f0ff62130","Accept: application\/json; indent=4"]
0========= 2021-12-27 01:11:27 =====================
Headers are ["Authorization: Token 7579da1c004337f483e2d2de5bb4951f0ff62130","Accept: application\/json; indent=4"]
0========= 2021-12-27 01:11:27 =====================
Headers are ["Authorization: Token 7579da1c004337f483e2d2de5bb4951f0ff62130","Accept: application\/json; indent=4"]
0========= 2021-12-27 01:11:27 =====================
Headers are ["Authorization: Token 7579da1c004337f483e2d2de5bb4951f0ff62130","Accept: application\/json; indent=4"]
0========= 2021-12-27 01:11:27 =====================
Headers are ["Authorization: Token 7579da1c004337f483e2d2de5bb4951f0ff62130","Accept: application\/json; indent=4"]
0========= 2021-12-27 01:12:12 =====================
Headers are ["Authorization: Token 7579da1c004337f483e2d2de5bb4951f0ff62130","Accept: application\/json; indent=4"]
0========= 2021-12-27 01:12:13 =====================
Headers are ["Authorization: Token 7579da1c004337f483e2d2de5bb4951f0ff62130","Accept: application\/json; indent=4"]
0========= 2021-12-27 01:12:13 =====================
Headers are ["Authorization: Token 7579da1c004337f483e2d2de5bb4951f0ff62130","Accept: application\/json; indent=4"]
0========= 2021-12-27 01:12:13 =====================
Headers are ["Authorization: Token 7579da1c004337f483e2d2de5bb4951f0ff62130","Accept: application\/json; indent=4"]
0========= 2021-12-27 01:12:13 =====================
Headers are ["Authorization: Token 7579da1c004337f483e2d2de5bb4951f0ff62130","Accept: application\/json; indent=4"]
0========= 2021-12-27 01:12:13 =====================
Headers are ["Authorization: Token 7579da1c004337f483e2d2de5bb4951f0ff62130","Accept: application\/json; indent=4"]
0========= 2021-12-27 01:12:13 =====================
Headers are ["Authorization: Token 7579da1c004337f483e2d2de5bb4951f0ff62130","Accept: application\/json; indent=4"]
0========= 2021-12-27 01:12:13 =====================
Headers are ["Authorization: Token 7579da1c004337f483e2d2de5bb4951f0ff62130","Accept: application\/json; indent=4"]
0========= 2021-12-27 01:12:13 =====================
Headers are ["Authorization: Token 7579da1c004337f483e2d2de5bb4951f0ff62130","Accept: application\/json; indent=4"]
0========= 2021-12-27 01:12:29 =====================
Headers are ["Authorization: Token 7579da1c004337f483e2d2de5bb4951f0ff62130","Accept: application\/json; indent=4"]
0========= 2021-12-27 01:12:29 =====================
Headers are ["Authorization: Token 7579da1c004337f483e2d2de5bb4951f0ff62130","Accept: application\/json; indent=4"]
0========= 2021-12-27 01:12:29 =====================
Headers are ["Authorization: Token 7579da1c004337f483e2d2de5bb4951f0ff62130","Accept: application\/json; indent=4"]
0========= 2021-12-27 01:12:29 =====================
Headers are ["Authorization: Token 7579da1c004337f483e2d2de5bb4951f0ff62130","Accept: application\/json; indent=4"]
0========= 2021-12-27 01:12:29 =====================
Headers are ["Authorization: Token 7579da1c004337f483e2d2de5bb4951f0ff62130","Accept: application\/json; indent=4"]
0========= 2021-12-27 01:12:29 =====================
Headers are ["Authorization: Token 7579da1c004337f483e2d2de5bb4951f0ff62130","Accept: application\/json; indent=4"]
0========= 2021-12-27 01:12:29 =====================
Headers are ["Authorization: Token 7579da1c004337f483e2d2de5bb4951f0ff62130","Accept: application\/json; indent=4"]
0========= 2021-12-27 01:12:29 =====================
Headers are ["Authorization: Token 7579da1c004337f483e2d2de5bb4951f0ff62130","Accept: application\/json; indent=4"]
0========= 2021-12-27 01:12:29 =====================
Headers are ["Authorization: Token 7579da1c004337f483e2d2de5bb4951f0ff62130","Accept: application\/json; indent=4"]
0========= 2021-12-27 01:13:56 =====================
Headers are ["Authorization: Token 7579da1c004337f483e2d2de5bb4951f0ff62130","Accept: application\/json; indent=4"]
0========= 2021-12-27 01:13:56 =====================
Headers are ["Authorization: Token 7579da1c004337f483e2d2de5bb4951f0ff62130","Accept: application\/json; indent=4"]
0========= 2021-12-27 01:13:56 =====================
Headers are ["Authorization: Token 7579da1c004337f483e2d2de5bb4951f0ff62130","Accept: application\/json; indent=4"]
0========= 2021-12-27 01:13:56 =====================
Headers are ["Authorization: Token 7579da1c004337f483e2d2de5bb4951f0ff62130","Accept: application\/json; indent=4"]
0========= 2021-12-27 01:13:56 =====================
Headers are ["Authorization: Token 7579da1c004337f483e2d2de5bb4951f0ff62130","Accept: application\/json; indent=4"]
0========= 2021-12-27 01:13:56 =====================
Headers are ["Authorization: Token 7579da1c004337f483e2d2de5bb4951f0ff62130","Accept: application\/json; indent=4"]
0========= 2021-12-27 01:13:56 =====================
Headers are ["Authorization: Token 7579da1c004337f483e2d2de5bb4951f0ff62130","Accept: application\/json; indent=4"]
0========= 2021-12-27 01:13:56 =====================
Headers are ["Authorization: Token 7579da1c004337f483e2d2de5bb4951f0ff62130","Accept: application\/json; indent=4"]
0========= 2021-12-27 01:13:56 =====================
Headers are ["Authorization: Token 7579da1c004337f483e2d2de5bb4951f0ff62130","Accept: application\/json; indent=4"]
0